Jun 02, 2018 3:50:17 PM com.Client.ClientImp createTRecord
INFO: Initiating T record object creation request
Jun 02, 2018 3:50:17 PM com.Client.ClientImp createTRecord
INFO: Teacher record is created and assigned with TR1
Jun 02, 2018 3:50:41 PM com.Client.ClientImp editRecord
INFO: Initiating the record edit request
Jun 02, 2018 3:50:41 PM com.Client.ClientImp editRecord
INFO: 
Jun 02, 2018 3:51:11 PM com.Client.ClientImp editRecord
INFO: Initiating the record edit request
Jun 02, 2018 3:51:11 PM com.Client.ClientImp editRecord
INFO: 
Jun 02, 2018 3:51:22 PM com.Client.ClientImp editRecord
INFO: Initiating the record edit request
Jun 02, 2018 3:51:22 PM com.Client.ClientImp editRecord
INFO: 
Jun 02, 2018 3:52:02 PM com.Client.ClientImp createSRecord
INFO: Initiating S record object creation request
Jun 02, 2018 3:52:02 PM com.Client.ClientImp createSRecord
INFO: student record is created and assigned with SR1
Jun 02, 2018 3:52:25 PM com.Client.ClientImp editRecordForCourses
INFO: Initiating the record edit request
Jun 02, 2018 3:52:25 PM com.Client.ClientImp editRecordForCourses
INFO: 
Jun 02, 2018 3:52:51 PM com.Client.ClientImp editRecord
INFO: Initiating the record edit request
Jun 02, 2018 3:52:51 PM com.Client.ClientImp editRecord
INFO: 
