Jun 02, 2018 9:32:23 PM com.Client.ClientImp createTRecord
INFO: Initiating T record object creation request
Jun 02, 2018 9:32:23 PM com.Client.ClientImp createTRecord
INFO: Teacher record is created and assigned with TR1
Jun 02, 2018 9:32:40 PM com.Client.ClientImp editRecord
INFO: Initiating the record edit request
Jun 02, 2018 9:32:40 PM com.Client.ClientImp editRecord
INFO: 
Jun 02, 2018 9:33:01 PM com.Client.ClientImp editRecord
INFO: Initiating the record edit request
Jun 02, 2018 9:33:01 PM com.Client.ClientImp editRecord
INFO: 
Jun 02, 2018 9:33:52 PM com.Client.ClientImp editRecord
INFO: Initiating the record edit request
Jun 02, 2018 9:33:52 PM com.Client.ClientImp editRecord
INFO: 
Jun 02, 2018 9:34:19 PM com.Client.ClientImp getRecordCounts
INFO: Initiating record count request
Jun 02, 2018 9:34:19 PM com.Client.ClientImp getRecordCounts
INFO: received....count as follows
Jun 02, 2018 9:34:19 PM com.Client.ClientImp getRecordCounts
INFO: DDO 0,MTL 0,LVL 1
Jun 02, 2018 9:34:42 PM com.Client.ClientImp editRecord
INFO: Initiating the record edit request
Jun 02, 2018 9:34:42 PM com.Client.ClientImp editRecord
INFO: 
Jun 02, 2018 9:36:29 PM com.Client.ClientImp createSRecord
INFO: Initiating S record object creation request
Jun 02, 2018 9:36:29 PM com.Client.ClientImp createSRecord
INFO: student record is created and assigned with SR1
Jun 02, 2018 9:37:59 PM com.Client.ClientImp createSRecord
INFO: Initiating S record object creation request
Jun 02, 2018 9:37:59 PM com.Client.ClientImp createSRecord
INFO: student record is created and assigned with SR1
Jun 02, 2018 9:38:05 PM com.Client.ClientImp getRecordCounts
INFO: Initiating record count request
Jun 02, 2018 9:38:05 PM com.Client.ClientImp getRecordCounts
INFO: received....count as follows
Jun 02, 2018 9:38:05 PM com.Client.ClientImp getRecordCounts
INFO: DDO 0,MTL 0,LVL 3
Jun 02, 2018 9:39:41 PM com.Client.ClientImp editRecord
INFO: Initiating the record edit request
Jun 02, 2018 9:39:41 PM com.Client.ClientImp editRecord
INFO: 
Jun 02, 2018 9:41:13 PM com.Client.ClientImp editRecord
INFO: Initiating the record edit request
Jun 02, 2018 9:41:13 PM com.Client.ClientImp editRecord
INFO: 
