Jun 02, 2018 4:33:23 PM com.Client.ClientImp createTRecord
INFO: Initiating T record object creation request
Jun 02, 2018 4:33:23 PM com.Client.ClientImp createTRecord
INFO: Teacher record is created and assigned with TR1
Jun 02, 2018 4:34:05 PM com.Client.ClientImp createSRecord
INFO: Initiating S record object creation request
Jun 02, 2018 4:34:05 PM com.Client.ClientImp createSRecord
INFO: student record is created and assigned with SR1
Jun 02, 2018 4:34:09 PM com.Client.ClientImp getRecordCounts
INFO: Initiating record count request
Jun 02, 2018 4:34:09 PM com.Client.ClientImp getRecordCounts
INFO: received....count as follows
Jun 02, 2018 4:34:09 PM com.Client.ClientImp getRecordCounts
INFO: LVL 0,DDO 0,MTL 2
Jun 02, 2018 4:34:43 PM com.Client.ClientImp editRecordForCourses
INFO: Initiating the record edit request
Jun 02, 2018 4:34:43 PM com.Client.ClientImp editRecordForCourses
INFO: 
Jun 02, 2018 4:34:52 PM com.Client.ClientImp editRecord
INFO: Initiating the record edit request
Jun 02, 2018 4:34:52 PM com.Client.ClientImp editRecord
INFO: 
Jun 02, 2018 4:35:10 PM com.Client.ClientImp editRecord
INFO: Initiating the record edit request
Jun 02, 2018 4:35:10 PM com.Client.ClientImp editRecord
INFO: 
Jun 02, 2018 4:35:45 PM com.Client.ClientImp editRecord
INFO: Initiating the record edit request
Jun 02, 2018 4:35:45 PM com.Client.ClientImp editRecord
INFO: 
Jun 02, 2018 4:36:00 PM com.Client.ClientImp editRecord
INFO: Initiating the record edit request
Jun 02, 2018 4:36:00 PM com.Client.ClientImp editRecord
INFO: 
Jun 02, 2018 4:36:16 PM com.Client.ClientImp editRecord
INFO: Initiating the record edit request
Jun 02, 2018 4:36:16 PM com.Client.ClientImp editRecord
INFO: 
