Jun 02, 2018 10:40:59 PM com.Client.ClientImp createTRecord
INFO: Initiating T record object creation request
Jun 02, 2018 10:40:59 PM com.Client.ClientImp createTRecord
INFO: Teacher record is created and assigned with TR1
Jun 02, 2018 10:41:02 PM com.Client.ClientImp getRecordCounts
INFO: Initiating record count request
Jun 02, 2018 10:41:02 PM com.Client.ClientImp getRecordCounts
INFO: received....count as follows
Jun 02, 2018 10:41:02 PM com.Client.ClientImp getRecordCounts
INFO: LVL 0,DDO 0,MTL 1
Jun 02, 2018 10:44:26 PM com.Client.ClientImp createTRecord
INFO: Initiating T record object creation request
Jun 02, 2018 10:44:26 PM com.Client.ClientImp createTRecord
INFO: Teacher record is created and assigned with TR1
Jun 02, 2018 10:44:30 PM com.Client.ClientImp getRecordCounts
INFO: Initiating record count request
Jun 02, 2018 10:44:30 PM com.Client.ClientImp getRecordCounts
INFO: received....count as follows
Jun 02, 2018 10:44:30 PM com.Client.ClientImp getRecordCounts
INFO: DDO 0,LVL 0,MTL 1
Jun 02, 2018 10:51:03 PM com.Client.ClientImp createTRecord
INFO: Initiating T record object creation request
Jun 02, 2018 10:51:03 PM com.Client.ClientImp createTRecord
INFO: Teacher record is created and assigned with TR1
Jun 02, 2018 10:51:05 PM com.Client.ClientImp getRecordCounts
INFO: Initiating record count request
Jun 02, 2018 10:51:05 PM com.Client.ClientImp getRecordCounts
INFO: received....count as follows
Jun 02, 2018 10:51:05 PM com.Client.ClientImp getRecordCounts
INFO: LVL 0,DDO 0,MTL 1
Jun 02, 2018 10:53:35 PM com.Client.ClientImp createTRecord
INFO: Initiating T record object creation request
Jun 02, 2018 10:53:35 PM com.Client.ClientImp createTRecord
INFO: Teacher record is created and assigned with TR1
Jun 02, 2018 10:53:37 PM com.Client.ClientImp getRecordCounts
INFO: Initiating record count request
Jun 02, 2018 10:53:37 PM com.Client.ClientImp getRecordCounts
INFO: received....count as follows
Jun 02, 2018 10:53:37 PM com.Client.ClientImp getRecordCounts
INFO: LVL 0,DDO 0,MTL 1
Jun 02, 2018 10:55:39 PM com.Client.ClientImp createTRecord
INFO: Initiating T record object creation request
Jun 02, 2018 10:55:39 PM com.Client.ClientImp createTRecord
INFO: Teacher record is created and assigned with TR1
Jun 02, 2018 10:55:42 PM com.Client.ClientImp getRecordCounts
INFO: Initiating record count request
Jun 02, 2018 10:55:52 PM com.Client.ClientImp getRecordCounts
INFO: received....count as follows
Jun 02, 2018 10:55:52 PM com.Client.ClientImp getRecordCounts
INFO: 
Jun 02, 2018 11:07:12 PM com.Client.ClientImp createTRecord
INFO: Initiating T record object creation request
Jun 02, 2018 11:07:12 PM com.Client.ClientImp createTRecord
INFO: Teacher record is created and assigned with TR1
Jun 02, 2018 11:07:16 PM com.Client.ClientImp getRecordCounts
INFO: Initiating record count request
Jun 02, 2018 11:07:16 PM com.Client.ClientImp getRecordCounts
INFO: received....count as follows
Jun 02, 2018 11:07:16 PM com.Client.ClientImp getRecordCounts
INFO: LVL 0,DDO 0,MTL 1
Jun 02, 2018 11:08:17 PM com.Client.ClientImp createTRecord
INFO: Initiating T record object creation request
Jun 02, 2018 11:08:17 PM com.Client.ClientImp createTRecord
INFO: Teacher record is created and assigned with TR1
Jun 02, 2018 11:26:37 PM com.Client.ClientImp createTRecord
INFO: Initiating T record object creation request
Jun 02, 2018 11:26:37 PM com.Client.ClientImp createTRecord
INFO: Teacher record is created and assigned with TR1
Jun 02, 2018 11:26:43 PM com.Client.ClientImp getRecordCounts
INFO: Initiating record count request
Jun 02, 2018 11:27:37 PM com.Client.ClientImp getRecordCounts
INFO: received....count as follows
Jun 02, 2018 11:27:37 PM com.Client.ClientImp getRecordCounts
INFO: 
Jun 02, 2018 11:28:00 PM com.Client.ClientImp createTRecord
INFO: Initiating T record object creation request
Jun 02, 2018 11:28:00 PM com.Client.ClientImp createTRecord
INFO: Teacher record is created and assigned with TR1
Jun 02, 2018 11:28:02 PM com.Client.ClientImp getRecordCounts
INFO: Initiating record count request
Jun 02, 2018 11:28:02 PM com.Client.ClientImp getRecordCounts
INFO: received....count as follows
Jun 02, 2018 11:28:02 PM com.Client.ClientImp getRecordCounts
INFO: LVL 0,DDO 0,MTL 1
Jun 02, 2018 11:38:13 PM com.Client.ClientImp createTRecord
INFO: Initiating T record object creation request
Jun 02, 2018 11:38:13 PM com.Client.ClientImp createTRecord
INFO: Teacher record is created and assigned with TR1
Jun 02, 2018 11:38:15 PM com.Client.ClientImp getRecordCounts
INFO: Initiating record count request
Jun 02, 2018 11:38:15 PM com.Client.ClientImp getRecordCounts
INFO: received....count as follows
Jun 02, 2018 11:38:15 PM com.Client.ClientImp getRecordCounts
INFO: LVL 0,DDO 0,MTL 1
Jun 02, 2018 11:43:46 PM com.Client.ClientImp createTRecord
INFO: Initiating T record object creation request
Jun 02, 2018 11:43:46 PM com.Client.ClientImp createTRecord
INFO: Teacher record is created and assigned with TR1
Jun 02, 2018 11:43:49 PM com.Client.ClientImp getRecordCounts
INFO: Initiating record count request
Jun 02, 2018 11:44:13 PM com.Client.ClientImp getRecordCounts
INFO: received....count as follows
Jun 02, 2018 11:44:13 PM com.Client.ClientImp getRecordCounts
INFO: 
Jun 02, 2018 11:51:21 PM com.Client.ClientImp createTRecord
INFO: Initiating T record object creation request
Jun 02, 2018 11:51:21 PM com.Client.ClientImp createTRecord
INFO: Teacher record is created and assigned with TR1
Jun 02, 2018 11:51:23 PM com.Client.ClientImp getRecordCounts
INFO: Initiating record count request
Jun 02, 2018 11:51:31 PM com.Client.ClientImp getRecordCounts
INFO: received....count as follows
Jun 02, 2018 11:51:31 PM com.Client.ClientImp getRecordCounts
INFO: 
Jun 02, 2018 11:54:14 PM com.Client.ClientImp createTRecord
INFO: Initiating T record object creation request
Jun 02, 2018 11:54:14 PM com.Client.ClientImp createTRecord
INFO: Teacher record is created and assigned with TR1
Jun 02, 2018 11:54:15 PM com.Client.ClientImp getRecordCounts
INFO: Initiating record count request
Jun 02, 2018 11:54:15 PM com.Client.ClientImp getRecordCounts
INFO: received....count as follows
Jun 02, 2018 11:54:15 PM com.Client.ClientImp getRecordCounts
INFO: LVL 0,DDO 0,MTL 1
Jun 02, 2018 11:59:40 PM com.Client.ClientImp createTRecord
INFO: Initiating T record object creation request
Jun 02, 2018 11:59:40 PM com.Client.ClientImp createTRecord
INFO: Teacher record is created and assigned with TR1
Jun 02, 2018 11:59:41 PM com.Client.ClientImp getRecordCounts
INFO: Initiating record count request
Jun 02, 2018 11:59:41 PM com.Client.ClientImp getRecordCounts
INFO: received....count as follows
Jun 02, 2018 11:59:41 PM com.Client.ClientImp getRecordCounts
INFO: LVL 0,MTL 1
