Jun 02, 2018 11:03:59 PM com.Client.ClientImp getRecordCounts
INFO: Initiating record count request
Jun 02, 2018 11:13:42 PM com.Client.ClientImp createTRecord
INFO: Initiating T record object creation request
Jun 02, 2018 11:13:42 PM com.Client.ClientImp createTRecord
INFO: Teacher record is created and assigned with TR1
Jun 02, 2018 11:13:44 PM com.Client.ClientImp getRecordCounts
INFO: Initiating record count request
Jun 02, 2018 11:13:44 PM com.Client.ClientImp getRecordCounts
INFO: received....count as follows
Jun 02, 2018 11:13:44 PM com.Client.ClientImp getRecordCounts
INFO: DDO 0,LVL 0,MTL 1
Jun 02, 2018 11:16:05 PM com.Client.ClientImp createTRecord
INFO: Initiating T record object creation request
Jun 02, 2018 11:16:05 PM com.Client.ClientImp createTRecord
INFO: Teacher record is created and assigned with TR1
Jun 02, 2018 11:16:07 PM com.Client.ClientImp getRecordCounts
INFO: Initiating record count request
Jun 02, 2018 11:16:07 PM com.Client.ClientImp getRecordCounts
INFO: received....count as follows
Jun 02, 2018 11:16:07 PM com.Client.ClientImp getRecordCounts
INFO: DDO 0,LVL 0,MTL 1
Jun 02, 2018 11:31:50 PM com.Client.ClientImp createTRecord
INFO: Initiating T record object creation request
Jun 02, 2018 11:31:50 PM com.Client.ClientImp createTRecord
INFO: Teacher record is created and assigned with TR1
Jun 02, 2018 11:31:52 PM com.Client.ClientImp getRecordCounts
INFO: Initiating record count request
Jun 02, 2018 11:31:52 PM com.Client.ClientImp getRecordCounts
INFO: received....count as follows
Jun 02, 2018 11:31:52 PM com.Client.ClientImp getRecordCounts
INFO: LVL 0,MTL 1
Jun 02, 2018 11:33:36 PM com.Client.ClientImp createTRecord
INFO: Initiating T record object creation request
Jun 02, 2018 11:33:36 PM com.Client.ClientImp createTRecord
INFO: Teacher record is created and assigned with TR1
Jun 02, 2018 11:33:37 PM com.Client.ClientImp getRecordCounts
INFO: Initiating record count request
Jun 02, 2018 11:33:47 PM com.Client.ClientImp getRecordCounts
INFO: received....count as follows
Jun 02, 2018 11:33:47 PM com.Client.ClientImp getRecordCounts
INFO: 
Jun 02, 2018 11:36:53 PM com.Client.ClientImp createTRecord
INFO: Initiating T record object creation request
Jun 02, 2018 11:36:53 PM com.Client.ClientImp createTRecord
INFO: Teacher record is created and assigned with TR1
Jun 02, 2018 11:36:55 PM com.Client.ClientImp getRecordCounts
INFO: Initiating record count request
Jun 02, 2018 11:36:55 PM com.Client.ClientImp getRecordCounts
INFO: received....count as follows
Jun 02, 2018 11:36:55 PM com.Client.ClientImp getRecordCounts
INFO: DDO 0,LVL 0,MTL 1
Jun 02, 2018 11:52:44 PM com.Client.ClientImp createTRecord
INFO: Initiating T record object creation request
Jun 02, 2018 11:52:44 PM com.Client.ClientImp createTRecord
INFO: Teacher record is created and assigned with TR1
Jun 02, 2018 11:52:45 PM com.Client.ClientImp getRecordCounts
INFO: Initiating record count request
Jun 02, 2018 11:52:58 PM com.Client.ClientImp getRecordCounts
INFO: received....count as follows
Jun 02, 2018 11:52:58 PM com.Client.ClientImp getRecordCounts
INFO: 
